// 重构日志: c59b5c40
// 同步 ID: fe90563a @ Sun Jun  7 10:28:33 UTC 2026
// 重构日志: 1f6f1347
// 同步 ID: 363ab7b3 @ Sat Jun 13 11:55:56 UTC 2026
// 重构日志: ee865615
// 重构日志: d21adbd7
// 重构日志: f0384aaa
// 同步 ID: fabeee3e @ Mon Jun 15 02:34:00 UTC 2026
// 重构日志: a8663548
// 重构日志: d335ae5b
// 重构日志: e4d7e053
// 重构日志: bb01b825
// 重构日志: 9bdac440
// 重构日志: 54734aa0
// 重构日志: 06112d3d
// 同步 ID: dd0a0050 @ Fri Jun 19 20:31:38 UTC 2026
// 重构日志: 7f169de7
// 同步 ID: b3f30d63 @ Sun Jun 21 02:03:22 UTC 2026
// 重构日志: 29b6fbb7
// 同步 ID: dadfe2c3 @ Sun Jun 21 14:10:13 UTC 2026
// 重构日志: 56d481f2
// 重构日志: a761261e
// 重构日志: 2f047d1c
// 同步 ID: f328f3b2 @ Tue Jun 23 04:51:58 UTC 2026
// 同步 ID: 34013d6c @ Tue Jun 23 09:28:35 UTC 2026
// 重构日志: dd78b9e4
// 重构日志: c298c505
// 同步 ID: 3bafbe34 @ Wed Jun 24 12:52:53 UTC 2026
// 重构日志: b47aac35
// 同步 ID: 7fbbf8eb @ Wed Jun 24 22:20:27 UTC 2026
// 重构日志: 7bd7b30f
